<?xml version="1.0" encoding="UTF-8"?>
<!-- Generated by org.testng.reporters.JUnitReportReporter -->
<testsuite skipped="0" hostname="LAPTOP-DN1A88SJ" name="com.demoguru99.qa.test.HomePageTest" tests="1" failures="0" timestamp="2020-04-10T19:59:02 EDT" time="0.015" errors="0">
  <testcase name="verifyhomePageTitle" time="0.015" classname="com.demoguru99.qa.test.HomePageTest"/>
  <system-out/>
</testsuite> <!-- com.demoguru99.qa.test.HomePageTest -->
