<?xml version="1.0" encoding="UTF-8"?>
<!-- Generated by org.testng.reporters.JUnitReportReporter -->
<testsuite skipped="0" hostname="LAPTOP-DN1A88SJ" name="com.demoguru99.qa.test.NewAccountTest" tests="3" failures="0" timestamp="2020-04-10T19:59:02 EDT" time="1.612" errors="0">
  <testcase name="verifyNewAccountPageTitleTitle" time="0.005" classname="com.demoguru99.qa.test.NewAccountTest"/>
  <system-out/>
  <testcase name="validateCustomerInfo" time="1.535" classname="com.demoguru99.qa.test.NewAccountTest"/>
  <system-out/>
  <testcase name="messageVerification" time="0.072" classname="com.demoguru99.qa.test.NewAccountTest"/>
  <system-out/>
</testsuite> <!-- com.demoguru99.qa.test.NewAccountTest -->
