<?xml version="1.0" encoding="UTF-8"?>
<!-- Generated by org.testng.reporters.JUnitReportReporter -->
<testsuite skipped="0" hostname="LAPTOP-DN1A88SJ" name="com.demoguru99.qa.test.NewCustomerPageTest" tests="3" failures="0" timestamp="2020-04-10T19:59:02 EDT" time="0.844" errors="0">
  <testcase name="verifynewCustomerPageTitle" time="0.016" classname="com.demoguru99.qa.test.NewCustomerPageTest"/>
  <system-out/>
  <testcase name="fillFormToAddNewCustomer" time="0.759" classname="com.demoguru99.qa.test.NewCustomerPageTest"/>
  <system-out/>
  <testcase name="clickSubmmitButton" time="0.069" classname="com.demoguru99.qa.test.NewCustomerPageTest"/>
  <system-out/>
</testsuite> <!-- com.demoguru99.qa.test.NewCustomerPageTest -->
