<?xml version="1.0" encoding="UTF-8"?>
<!-- Generated by org.testng.reporters.JUnitReportReporter -->
<testsuite skipped="0" hostname="LAPTOP-DN1A88SJ" name="com.demoguru99.qa.test.LoginPageTest" tests="2" failures="0" timestamp="2020-04-10T19:59:02 EDT" time="2.064" errors="0">
  <testcase name="validateloginPageTitle" time="0.013" classname="com.demoguru99.qa.test.LoginPageTest"/>
  <system-out/>
  <testcase name="validateLoginCredential" time="2.051" classname="com.demoguru99.qa.test.LoginPageTest"/>
  <system-out/>
</testsuite> <!-- com.demoguru99.qa.test.LoginPageTest -->
