<?xml version="1.0" encoding="UTF-8"?>
<!-- Generated by org.testng.reporters.JUnitReportReporter -->
<testsuite skipped="0" hostname="LAPTOP-DN1A88SJ" name="com.demoguru99.qa.test.EditCustomerTest" tests="4" failures="0" timestamp="2020-04-10T19:59:02 EDT" time="1.031" errors="0">
  <testcase name="verifyEditCustomerPageTitle" time="0.000" classname="com.demoguru99.qa.test.EditCustomerTest"/>
  <system-out/>
  <testcase name="enterCustomerId" time="0.070" classname="com.demoguru99.qa.test.EditCustomerTest"/>
  <system-out/>
  <testcase name="clickSubmitBtn" time="0.891" classname="com.demoguru99.qa.test.EditCustomerTest"/>
  <system-out/>
  <testcase name="validateEditCustomerSymbol" time="0.070" classname="com.demoguru99.qa.test.EditCustomerTest"/>
  <system-out/>
</testsuite> <!-- com.demoguru99.qa.test.EditCustomerTest -->
